<?xml version="1.0" encoding="UTF-8"?>
<!-- Generated by org.testng.reporters.JUnitXMLReporter -->
<testsuite ignored="1" hostname="LAPTOP-KKDSPR4V" failures="1" tests="7" name="Default test" time="0.169" errors="0" timestamp="2025-08-18T15:17:27 GMT-04:00">
  <testcase classname="packTwo.Annotations" name="DataProviderTest" time="0.013"/>
  <testcase classname="packTwo.Annotations" name="DataProviderTest" time="0.005"/>
  <testcase classname="packTwo.Annotations" name="DataProviderTest" time="0.003"/>
  <testcase classname="packTwo.Annotations" name="FlightBooking" time="0.001"/>
  <testcase classname="packTwo.Annotations" name="OpeningBrowser" time="0.012"/>
  <testcase classname="packTwo.Annotations" name="MyMethod" time="0.0">
    <failure type="org.testng.TestNGException" message="
Parameter &amp;apos;URL&amp;apos; is required by @Test on method MyMethod but has not been marked @Optional or defined
in C:\Users\91981\AppData\Local\Temp\testng-eclipse-1744562020\testng-customsuite.xml">
      <![CDATA[org.testng.TestNGException: 
Parameter 'URL' is required by @Test on method MyMethod but has not been marked @Optional or defined
in C:\Users\91981\AppData\Local\Temp\testng-eclipse-1744562020\testng-customsuite.xml
at org.testng.internal.Parameters.createParams(Parameters.java:264)
at org.testng.internal.Parameters.createParametersForMethod(Parameters.java:352)
at org.testng.internal.Parameters.createParameters(Parameters.java:690)
at org.testng.internal.Parameters.handleParameters(Parameters.java:885)
at org.testng.internal.Parameters.handleParameters(Parameters.java:734)
at org.testng.internal.invokers.ParameterHandler.handleParameters(ParameterHandler.java:72)
at org.testng.internal.invokers.ParameterHandler.createParameters(ParameterHandler.java:51)
at org.testng.internal.invokers.TestInvoker$MethodInvocationAgent.invoke(TestInvoker.java:949)
at org.testng.internal.invokers.TestInvoker.invokeTestMethods(TestInvoker.java:203)
at org.testng.internal.invokers.TestMethodWorker.invokeTestMethods(TestMethodWorker.java:154)
at org.testng.internal.invokers.TestMethodWorker.run(TestMethodWorker.java:134)
at java.base/java.util.ArrayList.forEach(ArrayList.java:1596)
at org.testng.TestRunner.privateRun(TestRunner.java:741)
at org.testng.TestRunner.run(TestRunner.java:616)
at org.testng.SuiteRunner.runTest(SuiteRunner.java:421)
at org.testng.SuiteRunner.runSequentially(SuiteRunner.java:413)
at org.testng.SuiteRunner.privateRun(SuiteRunner.java:373)
at org.testng.SuiteRunner.run(SuiteRunner.java:312)
at org.testng.SuiteRunnerWorker.runSuite(SuiteRunnerWorker.java:52)
at org.testng.SuiteRunnerWorker.run(SuiteRunnerWorker.java:95)
at org.testng.TestNG.runSuitesSequentially(TestNG.java:1274)
at org.testng.TestNG.runSuitesLocally(TestNG.java:1208)
at org.testng.TestNG.runSuites(TestNG.java:1112)
at org.testng.TestNG.run(TestNG.java:1079)
at org.testng.remote.AbstractRemoteTestNG.run(AbstractRemoteTestNG.java:115)
at org.testng.remote.RemoteTestNG.initAndRun(RemoteTestNG.java:293)
at org.testng.remote.RemoteTestNG.main(RemoteTestNG.java:91)
]]>
    </failure>
  </testcase> <!-- MyMethod -->
  <testcase classname="packTwo.Annotations" name="FlightCancel" time="0.007"/>
  <testcase classname="packTwo.Annotations" name="ErrorneousTest" time="0.0">
    <ignored/>
  </testcase> <!-- ErrorneousTest -->
</testsuite> <!-- Default test -->
